<?xml version="1.0" encoding="utf-8"?><testsuites name="pytest tests"><testsuite name="pytest" errors="0" failures="0" skipped="0" tests="29" time="6.272" timestamp="2026-06-09T12:07:35.220011+00:00" hostname="agent-env-95b4c995-3d4c-44ca-9c94-7fbbf5fb7009"><testcase classname="backend.tests.test_ybex_api" name="test_root_health" time="0.204" /><testcase classname="backend.tests.test_ybex_api" name="test_signup_no_id_leak" time="0.329" /><testcase classname="backend.tests.test_ybex_api" name="test_login_invalid" time="0.115" /><testcase classname="backend.tests.test_ybex_api" name="test_login_valid_seeded_brand" time="0.327" /><testcase classname="backend.tests.test_ybex_api" name="test_auth_me_without_token" time="0.105" /><testcase classname="backend.tests.test_ybex_api" name="test_auth_me_with_token" time="0.442" /><testcase classname="backend.tests.test_ybex_api" name="test_create_creator_profile" time="0.214" /><testcase classname="backend.tests.test_ybex_api" name="test_list_creators_seeded" time="0.127" /><testcase classname="backend.tests.test_ybex_api" name="test_list_creators_filters" time="0.231" /><testcase classname="backend.tests.test_ybex_api" name="test_get_creator_by_id_increments_views" time="0.362" /><testcase classname="backend.tests.test_ybex_api" name="test_get_creator_404" time="0.111" /><testcase classname="backend.tests.test_ybex_api" name="test_brand_profile" time="0.442" /><testcase classname="backend.tests.test_ybex_api" name="test_post_campaign_only_brand" time="0.052" /><testcase classname="backend.tests.test_ybex_api" name="test_post_and_get_campaign" time="0.257" /><testcase classname="backend.tests.test_ybex_api" name="test_campaign_apply_creator" time="0.212" /><testcase classname="backend.tests.test_ybex_api" name="test_list_seeded_campaigns" time="0.131" /><testcase classname="backend.tests.test_ybex_api" name="test_wave" time="0.099" /><testcase classname="backend.tests.test_ybex_api" name="test_collab_request_and_action" time="0.153" /><testcase classname="backend.tests.test_ybex_api" name="test_leaderboard_sorted" time="0.123" /><testcase classname="backend.tests.test_ybex_api" name="test_notifications_mark_read" time="0.144" /><testcase classname="backend.tests.test_ybex_api" name="test_dashboard_stats_creator" time="0.049" /><testcase classname="backend.tests.test_ybex_api" name="test_dashboard_stats_brand" time="0.056" /><testcase classname="backend.tests.test_ybex_api" name="test_upload_and_get_file" time="0.586" /><testcase classname="backend.tests.test_ybex_api" name="test_upload_unsupported_type" time="0.104" /><testcase classname="backend.tests.test_ybex_api" name="test_file_404" time="0.105" /><testcase classname="backend.tests.test_ybex_api" name="test_chat_send_and_thread" time="0.352" /><testcase classname="backend.tests.test_ybex_api" name="test_chat_threads_list" time="0.055" /><testcase classname="backend.tests.test_ybex_api" name="test_close_campaign_and_performance" time="0.599" /><testcase classname="backend.tests.test_ybex_api" name="test_close_campaign_no_accepted_app" time="0.108" /></testsuite></testsuites>