<?xml version="1.0" encoding="utf-8"?><testsuites name="pytest tests"><testsuite name="pytest" errors="0" failures="1" skipped="0" tests="22" time="4.539" timestamp="2026-06-09T11:22:32.832375+00:00" hostname="agent-env-95b4c995-3d4c-44ca-9c94-7fbbf5fb7009"><testcase classname="backend.tests.test_ybex_api" name="test_root_health" time="0.163" /><testcase classname="backend.tests.test_ybex_api" name="test_signup_no_id_leak" time="0.336" /><testcase classname="backend.tests.test_ybex_api" name="test_login_invalid" time="0.137" /><testcase classname="backend.tests.test_ybex_api" name="test_login_valid_seeded_brand" time="0.329" /><testcase classname="backend.tests.test_ybex_api" name="test_auth_me_without_token" time="0.126" /><testcase classname="backend.tests.test_ybex_api" name="test_auth_me_with_token" time="0.416"><failure message="AssertionError: assert 'creator_f01da00b8e@ybex.demo' == 'CREATOR_f01da00b8e@ybex.demo'&#10;  &#10;  - CREATOR_f01da00b8e@ybex.demo&#10;  ? ^^^^^^^&#10;  + creator_f01da00b8e@ybex.demo&#10;  ? ^^^^^^^">backend/tests/test_ybex_api.py:97: in test_auth_me_with_token
    assert data["email"] == creator_session["email"]
E   AssertionError: assert 'creator_f01da00b8e@ybex.demo' == 'CREATOR_f01da00b8e@ybex.demo'
E     
E     - CREATOR_f01da00b8e@ybex.demo
E     ? ^^^^^^^
E     + creator_f01da00b8e@ybex.demo
E     ? ^^^^^^^</failure></testcase><testcase classname="backend.tests.test_ybex_api" name="test_create_creator_profile" time="0.202" /><testcase classname="backend.tests.test_ybex_api" name="test_list_creators_seeded" time="0.156" /><testcase classname="backend.tests.test_ybex_api" name="test_list_creators_filters" time="0.246" /><testcase classname="backend.tests.test_ybex_api" name="test_get_creator_by_id_increments_views" time="0.358" /><testcase classname="backend.tests.test_ybex_api" name="test_get_creator_404" time="0.091" /><testcase classname="backend.tests.test_ybex_api" name="test_brand_profile" time="0.469" /><testcase classname="backend.tests.test_ybex_api" name="test_post_campaign_only_brand" time="0.051" /><testcase classname="backend.tests.test_ybex_api" name="test_post_and_get_campaign" time="0.318" /><testcase classname="backend.tests.test_ybex_api" name="test_campaign_apply_creator" time="0.211" /><testcase classname="backend.tests.test_ybex_api" name="test_list_seeded_campaigns" time="0.100" /><testcase classname="backend.tests.test_ybex_api" name="test_wave" time="0.107" /><testcase classname="backend.tests.test_ybex_api" name="test_collab_request_and_action" time="0.161" /><testcase classname="backend.tests.test_ybex_api" name="test_leaderboard_sorted" time="0.100" /><testcase classname="backend.tests.test_ybex_api" name="test_notifications_mark_read" time="0.172" /><testcase classname="backend.tests.test_ybex_api" name="test_dashboard_stats_creator" time="0.055" /><testcase classname="backend.tests.test_ybex_api" name="test_dashboard_stats_brand" time="0.049" /></testsuite></testsuites>